Mon Jul 25 10:29:47 HKT 2011: Creating new db @ /home/chord/personal/Wave/db/neo4j-development/neostore
Mon Jul 25 10:29:49 HKT 2011: Opened [/home/chord/personal/Wave/db/neo4j-development/nioneo_logical.log.1] clean empty log, version=0
Mon Jul 25 10:29:49 HKT 2011: Opened [/home/chord/personal/Wave/db/neo4j-development/lucene/lucene.log.1] clean empty log, version=0
Mon Jul 25 10:29:49 HKT 2011: Opened [/home/chord/personal/Wave/db/neo4j-development/lucene-fulltext/lucene.log.1] clean empty log, version=0
Mon Jul 25 10:29:49 HKT 2011: Opened [/home/chord/personal/Wave/db/neo4j-development/index/lucene.log.1] clean empty log, version=0
Mon Jul 25 10:29:49 HKT 2011: TM new log: tm_tx_log.1
Mon Jul 25 10:29:49 HKT 2011: --- CONFIGURATION START ---
Mon Jul 25 10:29:49 HKT 2011: Physical mem: 2005MB, Heap size: 444MB
Mon Jul 25 10:29:49 HKT 2011: Kernel version: Neo4j - Graph Database Kernel 1.3
Mon Jul 25 10:29:49 HKT 2011: Neo4j - Graph Database Kernel 1.3
Mon Jul 25 10:29:49 HKT 2011: Operating System: Linux; version: 2.6.38-ARCH; arch: i386; cpus: 2
Mon Jul 25 10:29:49 HKT 2011: VM Name: Java HotSpot(TM) Server VM
Mon Jul 25 10:29:49 HKT 2011: VM Vendor: Sun Microsystems Inc.
Mon Jul 25 10:29:49 HKT 2011: VM Version: 20.0-b11
Mon Jul 25 10:29:49 HKT 2011: Boot Class Path: /opt/java/jre/lib/resources.jar:/opt/java/jre/lib/rt.jar:/opt/java/jre/lib/sunrsasign.jar:/opt/java/jre/lib/jsse.jar:/opt/java/jre/lib/jce.jar:/opt/java/jre/lib/charsets.jar:/opt/java/jre/lib/modules/jdk.boot.jar:/opt/java/jre/classes:/home/chord/.rvm/rubies/jruby-1.6.3/lib/jruby.jar
Mon Jul 25 10:29:49 HKT 2011: Class Path: /opt/java/jre/lib:.:
Mon Jul 25 10:29:49 HKT 2011: Library Path: /opt/java/jre/lib/i386/server:/opt/java/jre/lib/i386:/opt/java/jre/../lib/i386:/usr/java/packages/lib/i386:/lib:/usr/lib
Mon Jul 25 10:29:49 HKT 2011: Garbage Collector: PS Scavenge: [PS Eden Space, PS Survivor Space]
Mon Jul 25 10:29:49 HKT 2011: Garbage Collector: PS MarkSweep: [PS Eden Space, PS Survivor Space, PS Old Gen, PS Perm Gen]
Mon Jul 25 10:29:49 HKT 2011: VM Arguments: [-Djdk.home=, -Djruby.home=/home/chord/.rvm/rubies/jruby-1.6.3, -Djruby.script=jruby, -Djruby.shell=/bin/bash, -Djffi.boot.library.path=/home/chord/.rvm/rubies/jruby-1.6.3/lib/native/x86_64-Linux:/home/chord/.rvm/rubies/jruby-1.6.3/lib/native/i386-Linux:/home/chord/.rvm/rubies/jruby-1.6.3/lib/native/ppc-Linux, -Xmx500m, -Xss2048k, -Djruby.memory.max=500m, -Djruby.stack.max=2048k, -Xbootclasspath/a:/home/chord/.rvm/rubies/jruby-1.6.3/lib/jruby.jar]
Mon Jul 25 10:29:49 HKT 2011: 
Mon Jul 25 10:29:49 HKT 2011: adaptive_cache_heap_ratio=0.77
Mon Jul 25 10:29:49 HKT 2011: adaptive_cache_manager_decrease_ratio=1.15
Mon Jul 25 10:29:49 HKT 2011: adaptive_cache_manager_increase_ratio=1.1
Mon Jul 25 10:29:49 HKT 2011: adaptive_cache_worker_sleep_time=3000
Mon Jul 25 10:29:49 HKT 2011: create=true
Mon Jul 25 10:29:49 HKT 2011: dir=/home/chord/personal/Wave/db/neo4j-development/lucene-fulltext
Mon Jul 25 10:29:49 HKT 2011: enable_remote_shell=port=9332
Mon Jul 25 10:29:49 HKT 2011: ha.db=NO
Mon Jul 25 10:29:49 HKT 2011: ha.machine_id=2
Mon Jul 25 10:29:49 HKT 2011: ha.server=localhost:6002
Mon Jul 25 10:29:49 HKT 2011: ha.zoo_keeper_servers=localhost:2181,localhost:2182,localhost:2183
Mon Jul 25 10:29:49 HKT 2011: logical_log=/home/chord/personal/Wave/db/neo4j-development/nioneo_logical.log
Mon Jul 25 10:29:49 HKT 2011: max_node_cache_size=1500
Mon Jul 25 10:29:49 HKT 2011: max_relationship_cache_size=3500
Mon Jul 25 10:29:49 HKT 2011: migration_thread=NO
Mon Jul 25 10:29:49 HKT 2011: min_node_cache_size=0
Mon Jul 25 10:29:49 HKT 2011: min_relationship_cache_size=0
Mon Jul 25 10:29:49 HKT 2011: neo_store=/home/chord/personal/Wave/db/neo4j-development/neostore
Mon Jul 25 10:29:49 HKT 2011: neostore.nodestore.db.mapped_memory=25M
Mon Jul 25 10:29:49 HKT 2011: neostore.propertystore.db.arrays.mapped_memory=130M
Mon Jul 25 10:29:49 HKT 2011: neostore.propertystore.db.index.keys.mapped_memory=1M
Mon Jul 25 10:29:49 HKT 2011: neostore.propertystore.db.index.mapped_memory=1M
Mon Jul 25 10:29:49 HKT 2011: neostore.propertystore.db.mapped_memory=90M
Mon Jul 25 10:29:49 HKT 2011: neostore.propertystore.db.strings.mapped_memory=130M
Mon Jul 25 10:29:49 HKT 2011: neostore.relationshipstore.db.mapped_memory=50M
Mon Jul 25 10:29:49 HKT 2011: online_backup_enabled=NO
Mon Jul 25 10:29:49 HKT 2011: rebuild_idgenerators_fast=true
Mon Jul 25 10:29:49 HKT 2011: storage_path=/home/chord/personal/Wave/db/neo4j-development
Mon Jul 25 10:29:49 HKT 2011: store_dir=/home/chord/personal/Wave/db/neo4j-development
Mon Jul 25 10:29:49 HKT 2011: timestamps=YES
Mon Jul 25 10:29:49 HKT 2011: use_adaptive_cache=YES
Mon Jul 25 10:29:49 HKT 2011: use_memory_mapped_buffers=true
Mon Jul 25 10:29:49 HKT 2011: --- CONFIGURATION END ---
Mon Jul 25 10:29:49 HKT 2011: Extension org.neo4j.kernel.KernelExtension[kernel jmx] loaded ok
Mon Jul 25 10:29:50 HKT 2011: Extension org.neo4j.kernel.KernelExtension[shell] loaded ok
Mon Jul 25 10:55:43 HKT 2011: --- CONFIGURATION START ---
Mon Jul 25 10:55:43 HKT 2011: Physical mem: 2005MB, Heap size: 444MB
Mon Jul 25 10:55:43 HKT 2011: Kernel version: Neo4j - Graph Database Kernel 1.3
Mon Jul 25 10:55:43 HKT 2011: Neo4j - Graph Database Kernel 1.3
Mon Jul 25 10:55:43 HKT 2011: Operating System: Linux; version: 2.6.38-ARCH; arch: i386; cpus: 2
Mon Jul 25 10:55:43 HKT 2011: VM Name: Java HotSpot(TM) Server VM
Mon Jul 25 10:55:43 HKT 2011: VM Vendor: Sun Microsystems Inc.
Mon Jul 25 10:55:43 HKT 2011: VM Version: 20.0-b11
Mon Jul 25 10:55:43 HKT 2011: Boot Class Path: /opt/java/jre/lib/resources.jar:/opt/java/jre/lib/rt.jar:/opt/java/jre/lib/sunrsasign.jar:/opt/java/jre/lib/jsse.jar:/opt/java/jre/lib/jce.jar:/opt/java/jre/lib/charsets.jar:/opt/java/jre/lib/modules/jdk.boot.jar:/opt/java/jre/classes:/home/chord/.rvm/rubies/jruby-1.6.3/lib/jruby.jar
Mon Jul 25 10:55:43 HKT 2011: Class Path: /opt/java/jre/lib:.:
Mon Jul 25 10:55:43 HKT 2011: Library Path: /opt/java/jre/lib/i386/server:/opt/java/jre/lib/i386:/opt/java/jre/../lib/i386:/usr/java/packages/lib/i386:/lib:/usr/lib
Mon Jul 25 10:55:43 HKT 2011: Garbage Collector: PS Scavenge: [PS Eden Space, PS Survivor Space]
Mon Jul 25 10:55:43 HKT 2011: Garbage Collector: PS MarkSweep: [PS Eden Space, PS Survivor Space, PS Old Gen, PS Perm Gen]
Mon Jul 25 10:55:43 HKT 2011: VM Arguments: [-Djdk.home=, -Djruby.home=/home/chord/.rvm/rubies/jruby-1.6.3, -Djruby.script=jruby, -Djruby.shell=/bin/bash, -Djffi.boot.library.path=/home/chord/.rvm/rubies/jruby-1.6.3/lib/native/x86_64-Linux:/home/chord/.rvm/rubies/jruby-1.6.3/lib/native/i386-Linux:/home/chord/.rvm/rubies/jruby-1.6.3/lib/native/ppc-Linux, -Xmx500m, -Xss2048k, -Djruby.memory.max=500m, -Djruby.stack.max=2048k, -Xbootclasspath/a:/home/chord/.rvm/rubies/jruby-1.6.3/lib/jruby.jar]
Mon Jul 25 10:55:43 HKT 2011: 
Mon Jul 25 10:55:43 HKT 2011: adaptive_cache_heap_ratio=0.77
Mon Jul 25 10:55:43 HKT 2011: adaptive_cache_manager_decrease_ratio=1.15
Mon Jul 25 10:55:43 HKT 2011: adaptive_cache_manager_increase_ratio=1.1
Mon Jul 25 10:55:43 HKT 2011: adaptive_cache_worker_sleep_time=3000
Mon Jul 25 10:55:43 HKT 2011: create=true
Mon Jul 25 10:55:43 HKT 2011: enable_remote_shell=port=9332
Mon Jul 25 10:55:43 HKT 2011: ha.db=NO
Mon Jul 25 10:55:43 HKT 2011: ha.machine_id=2
Mon Jul 25 10:55:43 HKT 2011: ha.server=localhost:6002
Mon Jul 25 10:55:43 HKT 2011: ha.zoo_keeper_servers=localhost:2181,localhost:2182,localhost:2183
Mon Jul 25 10:55:43 HKT 2011: logical_log=/home/chord/personal/Wave/db/neo4j-development/nioneo_logical.log
Mon Jul 25 10:55:43 HKT 2011: max_node_cache_size=1500
Mon Jul 25 10:55:43 HKT 2011: max_relationship_cache_size=3500
Mon Jul 25 10:55:43 HKT 2011: migration_thread=NO
Mon Jul 25 10:55:43 HKT 2011: min_node_cache_size=0
Mon Jul 25 10:55:43 HKT 2011: min_relationship_cache_size=0
Mon Jul 25 10:55:43 HKT 2011: neo_store=/home/chord/personal/Wave/db/neo4j-development/neostore
Mon Jul 25 10:55:43 HKT 2011: neostore.nodestore.db.mapped_memory=25M
Mon Jul 25 10:55:43 HKT 2011: neostore.propertystore.db.arrays.mapped_memory=130M
Mon Jul 25 10:55:43 HKT 2011: neostore.propertystore.db.index.keys.mapped_memory=1M
Mon Jul 25 10:55:43 HKT 2011: neostore.propertystore.db.index.mapped_memory=1M
Mon Jul 25 10:55:43 HKT 2011: neostore.propertystore.db.mapped_memory=90M
Mon Jul 25 10:55:43 HKT 2011: neostore.propertystore.db.strings.mapped_memory=130M
Mon Jul 25 10:55:43 HKT 2011: neostore.relationshipstore.db.mapped_memory=50M
Mon Jul 25 10:55:43 HKT 2011: online_backup_enabled=NO
Mon Jul 25 10:55:43 HKT 2011: read_only=true
Mon Jul 25 10:55:43 HKT 2011: rebuild_idgenerators_fast=true
Mon Jul 25 10:55:43 HKT 2011: storage_path=/home/chord/personal/Wave/db/neo4j-development
Mon Jul 25 10:55:43 HKT 2011: store_dir=/home/chord/personal/Wave/db/neo4j-development
Mon Jul 25 10:55:43 HKT 2011: timestamps=YES
Mon Jul 25 10:55:43 HKT 2011: use_adaptive_cache=YES
Mon Jul 25 10:55:43 HKT 2011: use_memory_mapped_buffers=true
Mon Jul 25 10:55:43 HKT 2011: --- CONFIGURATION END ---
Mon Jul 25 10:55:43 HKT 2011: Extension org.neo4j.kernel.KernelExtension[kernel jmx] loaded ok
Mon Jul 25 10:55:43 HKT 2011: Extension org.neo4j.kernel.KernelExtension[shell] loaded ok
Mon Jul 25 16:04:40 HKT 2011: NeoStore closed
Mon Jul 25 16:04:40 HKT 2011: NeoStore closed
Mon Jul 25 16:10:18 HKT 2011: --- CONFIGURATION START ---
Mon Jul 25 16:10:18 HKT 2011: Physical mem: 2005MB, Heap size: 444MB
Mon Jul 25 16:10:18 HKT 2011: Kernel version: Neo4j - Graph Database Kernel 1.3
Mon Jul 25 16:10:18 HKT 2011: Neo4j - Graph Database Kernel 1.3
Mon Jul 25 16:10:18 HKT 2011: Operating System: Linux; version: 2.6.38-ARCH; arch: i386; cpus: 2
Mon Jul 25 16:10:18 HKT 2011: VM Name: Java HotSpot(TM) Server VM
Mon Jul 25 16:10:18 HKT 2011: VM Vendor: Sun Microsystems Inc.
Mon Jul 25 16:10:18 HKT 2011: VM Version: 20.0-b11
Mon Jul 25 16:10:18 HKT 2011: Boot Class Path: /opt/java/jre/lib/resources.jar:/opt/java/jre/lib/rt.jar:/opt/java/jre/lib/sunrsasign.jar:/opt/java/jre/lib/jsse.jar:/opt/java/jre/lib/jce.jar:/opt/java/jre/lib/charsets.jar:/opt/java/jre/lib/modules/jdk.boot.jar:/opt/java/jre/classes:/home/chord/.rvm/rubies/jruby-1.6.3/lib/jruby.jar
Mon Jul 25 16:10:18 HKT 2011: Class Path: /opt/java/jre/lib:.:
Mon Jul 25 16:10:18 HKT 2011: Library Path: /opt/java/jre/lib/i386/server:/opt/java/jre/lib/i386:/opt/java/jre/../lib/i386:/usr/java/packages/lib/i386:/lib:/usr/lib
Mon Jul 25 16:10:18 HKT 2011: Garbage Collector: PS Scavenge: [PS Eden Space, PS Survivor Space]
Mon Jul 25 16:10:18 HKT 2011: Garbage Collector: PS MarkSweep: [PS Eden Space, PS Survivor Space, PS Old Gen, PS Perm Gen]
Mon Jul 25 16:10:18 HKT 2011: VM Arguments: [-Djdk.home=, -Djruby.home=/home/chord/.rvm/rubies/jruby-1.6.3, -Djruby.script=jruby, -Djruby.shell=/bin/bash, -Djffi.boot.library.path=/home/chord/.rvm/rubies/jruby-1.6.3/lib/native/x86_64-Linux:/home/chord/.rvm/rubies/jruby-1.6.3/lib/native/i386-Linux:/home/chord/.rvm/rubies/jruby-1.6.3/lib/native/ppc-Linux, -Xmx500m, -Xss2048k, -Djruby.memory.max=500m, -Djruby.stack.max=2048k, -Xbootclasspath/a:/home/chord/.rvm/rubies/jruby-1.6.3/lib/jruby.jar]
Mon Jul 25 16:10:18 HKT 2011: 
Mon Jul 25 16:10:18 HKT 2011: adaptive_cache_heap_ratio=0.77
Mon Jul 25 16:10:18 HKT 2011: adaptive_cache_manager_decrease_ratio=1.15
Mon Jul 25 16:10:18 HKT 2011: adaptive_cache_manager_increase_ratio=1.1
Mon Jul 25 16:10:18 HKT 2011: adaptive_cache_worker_sleep_time=3000
Mon Jul 25 16:10:18 HKT 2011: create=true
Mon Jul 25 16:10:18 HKT 2011: enable_remote_shell=port=9332
Mon Jul 25 16:10:18 HKT 2011: ha.db=NO
Mon Jul 25 16:10:18 HKT 2011: ha.machine_id=2
Mon Jul 25 16:10:18 HKT 2011: ha.server=localhost:6002
Mon Jul 25 16:10:18 HKT 2011: ha.zoo_keeper_servers=localhost:2181,localhost:2182,localhost:2183
Mon Jul 25 16:10:18 HKT 2011: logical_log=/home/chord/personal/Wave/db/neo4j-development/nioneo_logical.log
Mon Jul 25 16:10:18 HKT 2011: max_node_cache_size=1500
Mon Jul 25 16:10:18 HKT 2011: max_relationship_cache_size=3500
Mon Jul 25 16:10:18 HKT 2011: migration_thread=NO
Mon Jul 25 16:10:18 HKT 2011: min_node_cache_size=0
Mon Jul 25 16:10:18 HKT 2011: min_relationship_cache_size=0
Mon Jul 25 16:10:18 HKT 2011: neo_store=/home/chord/personal/Wave/db/neo4j-development/neostore
Mon Jul 25 16:10:18 HKT 2011: neostore.nodestore.db.mapped_memory=25M
Mon Jul 25 16:10:18 HKT 2011: neostore.propertystore.db.arrays.mapped_memory=130M
Mon Jul 25 16:10:18 HKT 2011: neostore.propertystore.db.index.keys.mapped_memory=1M
Mon Jul 25 16:10:18 HKT 2011: neostore.propertystore.db.index.mapped_memory=1M
Mon Jul 25 16:10:18 HKT 2011: neostore.propertystore.db.mapped_memory=90M
Mon Jul 25 16:10:18 HKT 2011: neostore.propertystore.db.strings.mapped_memory=130M
Mon Jul 25 16:10:18 HKT 2011: neostore.relationshipstore.db.mapped_memory=50M
Mon Jul 25 16:10:18 HKT 2011: online_backup_enabled=NO
Mon Jul 25 16:10:18 HKT 2011: read_only=true
Mon Jul 25 16:10:18 HKT 2011: rebuild_idgenerators_fast=true
Mon Jul 25 16:10:18 HKT 2011: storage_path=/home/chord/personal/Wave/db/neo4j-development
Mon Jul 25 16:10:18 HKT 2011: store_dir=/home/chord/personal/Wave/db/neo4j-development
Mon Jul 25 16:10:18 HKT 2011: timestamps=YES
Mon Jul 25 16:10:18 HKT 2011: use_adaptive_cache=YES
Mon Jul 25 16:10:18 HKT 2011: use_memory_mapped_buffers=true
Mon Jul 25 16:10:18 HKT 2011: --- CONFIGURATION END ---
Mon Jul 25 16:10:18 HKT 2011: Extension org.neo4j.kernel.KernelExtension[kernel jmx] loaded ok
Mon Jul 25 16:10:18 HKT 2011: Extension org.neo4j.kernel.KernelExtension[shell] loaded ok
Mon Jul 25 16:25:17 HKT 2011: Closed log /home/chord/personal/Wave/db/neo4j-development/nioneo_logical.log
Mon Jul 25 16:25:17 HKT 2011: NeoStore closed
Mon Jul 25 16:25:18 HKT 2011: Closed log /home/chord/personal/Wave/db/neo4j-development/index/lucene.log
Mon Jul 25 16:25:18 HKT 2011: Closed log /home/chord/personal/Wave/db/neo4j-development/lucene/lucene.log
Mon Jul 25 16:25:18 HKT 2011: NeoStore closed
Mon Jul 25 16:25:18 HKT 2011: Closed log /home/chord/personal/Wave/db/neo4j-development/lucene-fulltext/lucene.log
Mon Jul 25 16:25:18 HKT 2011: TM shutting down
Mon Jul 25 16:25:43 HKT 2011: Opened [/home/chord/personal/Wave/db/neo4j-development/nioneo_logical.log.1] clean empty log, version=0
Mon Jul 25 16:25:43 HKT 2011: Opened [/home/chord/personal/Wave/db/neo4j-development/lucene/lucene.log.1] clean empty log, version=0
Mon Jul 25 16:25:43 HKT 2011: Opened [/home/chord/personal/Wave/db/neo4j-development/lucene-fulltext/lucene.log.1] clean empty log, version=0
Mon Jul 25 16:25:43 HKT 2011: Opened [/home/chord/personal/Wave/db/neo4j-development/index/lucene.log.1] clean empty log, version=0
Mon Jul 25 16:25:43 HKT 2011: TM opening log: /home/chord/personal/Wave/db/neo4j-development/tm_tx_log.1
Mon Jul 25 16:25:43 HKT 2011: --- CONFIGURATION START ---
Mon Jul 25 16:25:43 HKT 2011: Physical mem: 2005MB, Heap size: 444MB
Mon Jul 25 16:25:43 HKT 2011: Kernel version: Neo4j - Graph Database Kernel 1.3
Mon Jul 25 16:25:43 HKT 2011: Neo4j - Graph Database Kernel 1.3
Mon Jul 25 16:25:43 HKT 2011: Operating System: Linux; version: 2.6.38-ARCH; arch: i386; cpus: 2
Mon Jul 25 16:25:43 HKT 2011: VM Name: Java HotSpot(TM) Server VM
Mon Jul 25 16:25:43 HKT 2011: VM Vendor: Sun Microsystems Inc.
Mon Jul 25 16:25:43 HKT 2011: VM Version: 20.0-b11
Mon Jul 25 16:25:43 HKT 2011: Boot Class Path: /opt/java/jre/lib/resources.jar:/opt/java/jre/lib/rt.jar:/opt/java/jre/lib/sunrsasign.jar:/opt/java/jre/lib/jsse.jar:/opt/java/jre/lib/jce.jar:/opt/java/jre/lib/charsets.jar:/opt/java/jre/lib/modules/jdk.boot.jar:/opt/java/jre/classes:/home/chord/.rvm/rubies/jruby-1.6.3/lib/jruby.jar
Mon Jul 25 16:25:43 HKT 2011: Class Path: /opt/java/jre/lib:.:
Mon Jul 25 16:25:43 HKT 2011: Library Path: /opt/java/jre/lib/i386/server:/opt/java/jre/lib/i386:/opt/java/jre/../lib/i386:/usr/java/packages/lib/i386:/lib:/usr/lib
Mon Jul 25 16:25:43 HKT 2011: Garbage Collector: PS Scavenge: [PS Eden Space, PS Survivor Space]
Mon Jul 25 16:25:43 HKT 2011: Garbage Collector: PS MarkSweep: [PS Eden Space, PS Survivor Space, PS Old Gen, PS Perm Gen]
Mon Jul 25 16:25:43 HKT 2011: VM Arguments: [-Djdk.home=, -Djruby.home=/home/chord/.rvm/rubies/jruby-1.6.3, -Djruby.script=jruby, -Djruby.shell=/bin/bash, -Djffi.boot.library.path=/home/chord/.rvm/rubies/jruby-1.6.3/lib/native/x86_64-Linux:/home/chord/.rvm/rubies/jruby-1.6.3/lib/native/i386-Linux:/home/chord/.rvm/rubies/jruby-1.6.3/lib/native/ppc-Linux, -Xmx500m, -Xss2048k, -Djruby.memory.max=500m, -Djruby.stack.max=2048k, -Xbootclasspath/a:/home/chord/.rvm/rubies/jruby-1.6.3/lib/jruby.jar]
Mon Jul 25 16:25:43 HKT 2011: 
Mon Jul 25 16:25:43 HKT 2011: adaptive_cache_heap_ratio=0.77
Mon Jul 25 16:25:43 HKT 2011: adaptive_cache_manager_decrease_ratio=1.15
Mon Jul 25 16:25:43 HKT 2011: adaptive_cache_manager_increase_ratio=1.1
Mon Jul 25 16:25:43 HKT 2011: adaptive_cache_worker_sleep_time=3000
Mon Jul 25 16:25:43 HKT 2011: create=true
Mon Jul 25 16:25:43 HKT 2011: dir=/home/chord/personal/Wave/db/neo4j-development/lucene-fulltext
Mon Jul 25 16:25:43 HKT 2011: enable_remote_shell=port=9332
Mon Jul 25 16:25:43 HKT 2011: ha.db=NO
Mon Jul 25 16:25:43 HKT 2011: ha.machine_id=2
Mon Jul 25 16:25:43 HKT 2011: ha.server=localhost:6002
Mon Jul 25 16:25:43 HKT 2011: ha.zoo_keeper_servers=localhost:2181,localhost:2182,localhost:2183
Mon Jul 25 16:25:43 HKT 2011: logical_log=/home/chord/personal/Wave/db/neo4j-development/nioneo_logical.log
Mon Jul 25 16:25:43 HKT 2011: max_node_cache_size=1500
Mon Jul 25 16:25:43 HKT 2011: max_relationship_cache_size=3500
Mon Jul 25 16:25:43 HKT 2011: migration_thread=NO
Mon Jul 25 16:25:43 HKT 2011: min_node_cache_size=0
Mon Jul 25 16:25:43 HKT 2011: min_relationship_cache_size=0
Mon Jul 25 16:25:43 HKT 2011: neo_store=/home/chord/personal/Wave/db/neo4j-development/neostore
Mon Jul 25 16:25:43 HKT 2011: neostore.nodestore.db.mapped_memory=25M
Mon Jul 25 16:25:43 HKT 2011: neostore.propertystore.db.arrays.mapped_memory=130M
Mon Jul 25 16:25:43 HKT 2011: neostore.propertystore.db.index.keys.mapped_memory=1M
Mon Jul 25 16:25:43 HKT 2011: neostore.propertystore.db.index.mapped_memory=1M
Mon Jul 25 16:25:43 HKT 2011: neostore.propertystore.db.mapped_memory=90M
Mon Jul 25 16:25:43 HKT 2011: neostore.propertystore.db.strings.mapped_memory=130M
Mon Jul 25 16:25:43 HKT 2011: neostore.relationshipstore.db.mapped_memory=50M
Mon Jul 25 16:25:43 HKT 2011: online_backup_enabled=NO
Mon Jul 25 16:25:43 HKT 2011: rebuild_idgenerators_fast=true
Mon Jul 25 16:25:43 HKT 2011: storage_path=/home/chord/personal/Wave/db/neo4j-development
Mon Jul 25 16:25:43 HKT 2011: store_dir=/home/chord/personal/Wave/db/neo4j-development
Mon Jul 25 16:25:43 HKT 2011: timestamps=YES
Mon Jul 25 16:25:43 HKT 2011: use_adaptive_cache=YES
Mon Jul 25 16:25:43 HKT 2011: use_memory_mapped_buffers=true
Mon Jul 25 16:25:43 HKT 2011: --- CONFIGURATION END ---
Mon Jul 25 16:25:43 HKT 2011: Extension org.neo4j.kernel.KernelExtension[kernel jmx] loaded ok
Mon Jul 25 16:25:43 HKT 2011: Extension org.neo4j.kernel.KernelExtension[shell] loaded ok
Mon Jul 25 16:26:31 HKT 2011: NeoStore closed
Mon Jul 25 16:26:31 HKT 2011: NeoStore closed
Mon Jul 25 16:26:47 HKT 2011: --- CONFIGURATION START ---
Mon Jul 25 16:26:47 HKT 2011: Physical mem: 2005MB, Heap size: 444MB
Mon Jul 25 16:26:47 HKT 2011: Kernel version: Neo4j - Graph Database Kernel 1.3
Mon Jul 25 16:26:47 HKT 2011: Neo4j - Graph Database Kernel 1.3
Mon Jul 25 16:26:47 HKT 2011: Operating System: Linux; version: 2.6.38-ARCH; arch: i386; cpus: 2
Mon Jul 25 16:26:47 HKT 2011: VM Name: Java HotSpot(TM) Server VM
Mon Jul 25 16:26:47 HKT 2011: VM Vendor: Sun Microsystems Inc.
Mon Jul 25 16:26:47 HKT 2011: VM Version: 20.0-b11
Mon Jul 25 16:26:47 HKT 2011: Boot Class Path: /opt/java/jre/lib/resources.jar:/opt/java/jre/lib/rt.jar:/opt/java/jre/lib/sunrsasign.jar:/opt/java/jre/lib/jsse.jar:/opt/java/jre/lib/jce.jar:/opt/java/jre/lib/charsets.jar:/opt/java/jre/lib/modules/jdk.boot.jar:/opt/java/jre/classes:/home/chord/.rvm/rubies/jruby-1.6.3/lib/jruby.jar
Mon Jul 25 16:26:47 HKT 2011: Class Path: /opt/java/jre/lib:.:
Mon Jul 25 16:26:47 HKT 2011: Library Path: /opt/java/jre/lib/i386/server:/opt/java/jre/lib/i386:/opt/java/jre/../lib/i386:/usr/java/packages/lib/i386:/lib:/usr/lib
Mon Jul 25 16:26:47 HKT 2011: Garbage Collector: PS Scavenge: [PS Eden Space, PS Survivor Space]
Mon Jul 25 16:26:47 HKT 2011: Garbage Collector: PS MarkSweep: [PS Eden Space, PS Survivor Space, PS Old Gen, PS Perm Gen]
Mon Jul 25 16:26:47 HKT 2011: VM Arguments: [-Djdk.home=, -Djruby.home=/home/chord/.rvm/rubies/jruby-1.6.3, -Djruby.script=jruby, -Djruby.shell=/bin/bash, -Djffi.boot.library.path=/home/chord/.rvm/rubies/jruby-1.6.3/lib/native/x86_64-Linux:/home/chord/.rvm/rubies/jruby-1.6.3/lib/native/i386-Linux:/home/chord/.rvm/rubies/jruby-1.6.3/lib/native/ppc-Linux, -Xmx500m, -Xss2048k, -Djruby.memory.max=500m, -Djruby.stack.max=2048k, -Xbootclasspath/a:/home/chord/.rvm/rubies/jruby-1.6.3/lib/jruby.jar]
Mon Jul 25 16:26:47 HKT 2011: 
Mon Jul 25 16:26:47 HKT 2011: adaptive_cache_heap_ratio=0.77
Mon Jul 25 16:26:47 HKT 2011: adaptive_cache_manager_decrease_ratio=1.15
Mon Jul 25 16:26:47 HKT 2011: adaptive_cache_manager_increase_ratio=1.1
Mon Jul 25 16:26:47 HKT 2011: adaptive_cache_worker_sleep_time=3000
Mon Jul 25 16:26:47 HKT 2011: create=true
Mon Jul 25 16:26:47 HKT 2011: enable_remote_shell=port=9332
Mon Jul 25 16:26:47 HKT 2011: ha.db=NO
Mon Jul 25 16:26:47 HKT 2011: ha.machine_id=2
Mon Jul 25 16:26:47 HKT 2011: ha.server=localhost:6002
Mon Jul 25 16:26:47 HKT 2011: ha.zoo_keeper_servers=localhost:2181,localhost:2182,localhost:2183
Mon Jul 25 16:26:47 HKT 2011: logical_log=/home/chord/personal/Wave/db/neo4j-development/nioneo_logical.log
Mon Jul 25 16:26:47 HKT 2011: max_node_cache_size=1500
Mon Jul 25 16:26:47 HKT 2011: max_relationship_cache_size=3500
Mon Jul 25 16:26:47 HKT 2011: migration_thread=NO
Mon Jul 25 16:26:47 HKT 2011: min_node_cache_size=0
Mon Jul 25 16:26:47 HKT 2011: min_relationship_cache_size=0
Mon Jul 25 16:26:47 HKT 2011: neo_store=/home/chord/personal/Wave/db/neo4j-development/neostore
Mon Jul 25 16:26:47 HKT 2011: neostore.nodestore.db.mapped_memory=25M
Mon Jul 25 16:26:47 HKT 2011: neostore.propertystore.db.arrays.mapped_memory=130M
Mon Jul 25 16:26:47 HKT 2011: neostore.propertystore.db.index.keys.mapped_memory=1M
Mon Jul 25 16:26:47 HKT 2011: neostore.propertystore.db.index.mapped_memory=1M
Mon Jul 25 16:26:47 HKT 2011: neostore.propertystore.db.mapped_memory=90M
Mon Jul 25 16:26:47 HKT 2011: neostore.propertystore.db.strings.mapped_memory=130M
Mon Jul 25 16:26:47 HKT 2011: neostore.relationshipstore.db.mapped_memory=50M
Mon Jul 25 16:26:47 HKT 2011: online_backup_enabled=NO
Mon Jul 25 16:26:47 HKT 2011: read_only=true
Mon Jul 25 16:26:47 HKT 2011: rebuild_idgenerators_fast=true
Mon Jul 25 16:26:47 HKT 2011: storage_path=/home/chord/personal/Wave/db/neo4j-development
Mon Jul 25 16:26:47 HKT 2011: store_dir=/home/chord/personal/Wave/db/neo4j-development
Mon Jul 25 16:26:47 HKT 2011: timestamps=YES
Mon Jul 25 16:26:47 HKT 2011: use_adaptive_cache=YES
Mon Jul 25 16:26:47 HKT 2011: use_memory_mapped_buffers=true
Mon Jul 25 16:26:47 HKT 2011: --- CONFIGURATION END ---
Mon Jul 25 16:26:47 HKT 2011: Extension org.neo4j.kernel.KernelExtension[kernel jmx] loaded ok
Mon Jul 25 16:26:48 HKT 2011: Extension org.neo4j.kernel.KernelExtension[shell] loaded ok
Mon Jul 25 16:35:07 HKT 2011: Closed log /home/chord/personal/Wave/db/neo4j-development/nioneo_logical.log
Mon Jul 25 16:35:08 HKT 2011: NeoStore closed
Mon Jul 25 16:35:08 HKT 2011: Closed log /home/chord/personal/Wave/db/neo4j-development/index/lucene.log
Mon Jul 25 16:35:08 HKT 2011: Closed log /home/chord/personal/Wave/db/neo4j-development/lucene/lucene.log
Mon Jul 25 16:35:08 HKT 2011: NeoStore closed
Mon Jul 25 16:35:08 HKT 2011: Closed log /home/chord/personal/Wave/db/neo4j-development/lucene-fulltext/lucene.log
Mon Jul 25 16:35:08 HKT 2011: TM shutting down
Mon Jul 25 16:35:11 HKT 2011: NeoStore closed
Mon Jul 25 16:35:11 HKT 2011: NeoStore closed
Mon Jul 25 16:35:50 HKT 2011: Opened [/home/chord/personal/Wave/db/neo4j-development/nioneo_logical.log.1] clean empty log, version=0
Mon Jul 25 16:35:50 HKT 2011: Opened [/home/chord/personal/Wave/db/neo4j-development/lucene/lucene.log.1] clean empty log, version=0
Mon Jul 25 16:35:50 HKT 2011: Opened [/home/chord/personal/Wave/db/neo4j-development/lucene-fulltext/lucene.log.1] clean empty log, version=0
Mon Jul 25 16:35:50 HKT 2011: Opened [/home/chord/personal/Wave/db/neo4j-development/index/lucene.log.1] clean empty log, version=0
Mon Jul 25 16:35:50 HKT 2011: TM opening log: /home/chord/personal/Wave/db/neo4j-development/tm_tx_log.1
Mon Jul 25 16:35:50 HKT 2011: --- CONFIGURATION START ---
Mon Jul 25 16:35:50 HKT 2011: Physical mem: 2005MB, Heap size: 444MB
Mon Jul 25 16:35:50 HKT 2011: Kernel version: Neo4j - Graph Database Kernel 1.3
Mon Jul 25 16:35:50 HKT 2011: Neo4j - Graph Database Kernel 1.3
Mon Jul 25 16:35:50 HKT 2011: Operating System: Linux; version: 2.6.38-ARCH; arch: i386; cpus: 2
Mon Jul 25 16:35:50 HKT 2011: VM Name: Java HotSpot(TM) Server VM
Mon Jul 25 16:35:50 HKT 2011: VM Vendor: Sun Microsystems Inc.
Mon Jul 25 16:35:50 HKT 2011: VM Version: 20.0-b11
Mon Jul 25 16:35:50 HKT 2011: Boot Class Path: /opt/java/jre/lib/resources.jar:/opt/java/jre/lib/rt.jar:/opt/java/jre/lib/sunrsasign.jar:/opt/java/jre/lib/jsse.jar:/opt/java/jre/lib/jce.jar:/opt/java/jre/lib/charsets.jar:/opt/java/jre/lib/modules/jdk.boot.jar:/opt/java/jre/classes:/home/chord/.rvm/rubies/jruby-1.6.3/lib/jruby.jar
Mon Jul 25 16:35:50 HKT 2011: Class Path: /opt/java/jre/lib:.:
Mon Jul 25 16:35:50 HKT 2011: Library Path: /opt/java/jre/lib/i386/server:/opt/java/jre/lib/i386:/opt/java/jre/../lib/i386:/usr/java/packages/lib/i386:/lib:/usr/lib
Mon Jul 25 16:35:50 HKT 2011: Garbage Collector: PS Scavenge: [PS Eden Space, PS Survivor Space]
Mon Jul 25 16:35:50 HKT 2011: Garbage Collector: PS MarkSweep: [PS Eden Space, PS Survivor Space, PS Old Gen, PS Perm Gen]
Mon Jul 25 16:35:50 HKT 2011: VM Arguments: [-Djdk.home=, -Djruby.home=/home/chord/.rvm/rubies/jruby-1.6.3, -Djruby.script=jruby, -Djruby.shell=/bin/bash, -Djffi.boot.library.path=/home/chord/.rvm/rubies/jruby-1.6.3/lib/native/x86_64-Linux:/home/chord/.rvm/rubies/jruby-1.6.3/lib/native/i386-Linux:/home/chord/.rvm/rubies/jruby-1.6.3/lib/native/ppc-Linux, -Xmx500m, -Xss2048k, -Djruby.memory.max=500m, -Djruby.stack.max=2048k, -Xbootclasspath/a:/home/chord/.rvm/rubies/jruby-1.6.3/lib/jruby.jar]
Mon Jul 25 16:35:50 HKT 2011: 
Mon Jul 25 16:35:50 HKT 2011: adaptive_cache_heap_ratio=0.77
Mon Jul 25 16:35:50 HKT 2011: adaptive_cache_manager_decrease_ratio=1.15
Mon Jul 25 16:35:50 HKT 2011: adaptive_cache_manager_increase_ratio=1.1
Mon Jul 25 16:35:50 HKT 2011: adaptive_cache_worker_sleep_time=3000
Mon Jul 25 16:35:50 HKT 2011: create=true
Mon Jul 25 16:35:50 HKT 2011: dir=/home/chord/personal/Wave/db/neo4j-development/lucene-fulltext
Mon Jul 25 16:35:50 HKT 2011: enable_remote_shell=port=9332
Mon Jul 25 16:35:50 HKT 2011: ha.db=NO
Mon Jul 25 16:35:50 HKT 2011: ha.machine_id=2
Mon Jul 25 16:35:50 HKT 2011: ha.server=localhost:6002
Mon Jul 25 16:35:50 HKT 2011: ha.zoo_keeper_servers=localhost:2181,localhost:2182,localhost:2183
Mon Jul 25 16:35:50 HKT 2011: logical_log=/home/chord/personal/Wave/db/neo4j-development/nioneo_logical.log
Mon Jul 25 16:35:50 HKT 2011: max_node_cache_size=1500
Mon Jul 25 16:35:50 HKT 2011: max_relationship_cache_size=3500
Mon Jul 25 16:35:50 HKT 2011: migration_thread=NO
Mon Jul 25 16:35:50 HKT 2011: min_node_cache_size=0
Mon Jul 25 16:35:50 HKT 2011: min_relationship_cache_size=0
Mon Jul 25 16:35:50 HKT 2011: neo_store=/home/chord/personal/Wave/db/neo4j-development/neostore
Mon Jul 25 16:35:50 HKT 2011: neostore.nodestore.db.mapped_memory=25M
Mon Jul 25 16:35:50 HKT 2011: neostore.propertystore.db.arrays.mapped_memory=130M
Mon Jul 25 16:35:50 HKT 2011: neostore.propertystore.db.index.keys.mapped_memory=1M
Mon Jul 25 16:35:50 HKT 2011: neostore.propertystore.db.index.mapped_memory=1M
Mon Jul 25 16:35:50 HKT 2011: neostore.propertystore.db.mapped_memory=90M
Mon Jul 25 16:35:50 HKT 2011: neostore.propertystore.db.strings.mapped_memory=130M
Mon Jul 25 16:35:50 HKT 2011: neostore.relationshipstore.db.mapped_memory=50M
Mon Jul 25 16:35:50 HKT 2011: online_backup_enabled=NO
Mon Jul 25 16:35:50 HKT 2011: rebuild_idgenerators_fast=true
Mon Jul 25 16:35:50 HKT 2011: storage_path=/home/chord/personal/Wave/db/neo4j-development
Mon Jul 25 16:35:50 HKT 2011: store_dir=/home/chord/personal/Wave/db/neo4j-development
Mon Jul 25 16:35:50 HKT 2011: timestamps=YES
Mon Jul 25 16:35:50 HKT 2011: use_adaptive_cache=YES
Mon Jul 25 16:35:50 HKT 2011: use_memory_mapped_buffers=true
Mon Jul 25 16:35:50 HKT 2011: --- CONFIGURATION END ---
Mon Jul 25 16:35:50 HKT 2011: Extension org.neo4j.kernel.KernelExtension[kernel jmx] loaded ok
Mon Jul 25 16:35:50 HKT 2011: Extension org.neo4j.kernel.KernelExtension[shell] loaded ok
Mon Jul 25 16:36:25 HKT 2011: --- CONFIGURATION START ---
Mon Jul 25 16:36:25 HKT 2011: Physical mem: 2005MB, Heap size: 444MB
Mon Jul 25 16:36:25 HKT 2011: Kernel version: Neo4j - Graph Database Kernel 1.3
Mon Jul 25 16:36:25 HKT 2011: Neo4j - Graph Database Kernel 1.3
Mon Jul 25 16:36:25 HKT 2011: Operating System: Linux; version: 2.6.38-ARCH; arch: i386; cpus: 2
Mon Jul 25 16:36:25 HKT 2011: VM Name: Java HotSpot(TM) Server VM
Mon Jul 25 16:36:25 HKT 2011: VM Vendor: Sun Microsystems Inc.
Mon Jul 25 16:36:25 HKT 2011: VM Version: 20.0-b11
Mon Jul 25 16:36:25 HKT 2011: Boot Class Path: /opt/java/jre/lib/resources.jar:/opt/java/jre/lib/rt.jar:/opt/java/jre/lib/sunrsasign.jar:/opt/java/jre/lib/jsse.jar:/opt/java/jre/lib/jce.jar:/opt/java/jre/lib/charsets.jar:/opt/java/jre/lib/modules/jdk.boot.jar:/opt/java/jre/classes:/home/chord/.rvm/rubies/jruby-1.6.3/lib/jruby.jar
Mon Jul 25 16:36:25 HKT 2011: Class Path: /opt/java/jre/lib:.:
Mon Jul 25 16:36:25 HKT 2011: Library Path: /opt/java/jre/lib/i386/server:/opt/java/jre/lib/i386:/opt/java/jre/../lib/i386:/usr/java/packages/lib/i386:/lib:/usr/lib
Mon Jul 25 16:36:25 HKT 2011: Garbage Collector: PS Scavenge: [PS Eden Space, PS Survivor Space]
Mon Jul 25 16:36:25 HKT 2011: Garbage Collector: PS MarkSweep: [PS Eden Space, PS Survivor Space, PS Old Gen, PS Perm Gen]
Mon Jul 25 16:36:25 HKT 2011: VM Arguments: [-Djdk.home=, -Djruby.home=/home/chord/.rvm/rubies/jruby-1.6.3, -Djruby.script=jruby, -Djruby.shell=/bin/bash, -Djffi.boot.library.path=/home/chord/.rvm/rubies/jruby-1.6.3/lib/native/x86_64-Linux:/home/chord/.rvm/rubies/jruby-1.6.3/lib/native/i386-Linux:/home/chord/.rvm/rubies/jruby-1.6.3/lib/native/ppc-Linux, -Xmx500m, -Xss2048k, -Djruby.memory.max=500m, -Djruby.stack.max=2048k, -Xbootclasspath/a:/home/chord/.rvm/rubies/jruby-1.6.3/lib/jruby.jar]
Mon Jul 25 16:36:25 HKT 2011: 
Mon Jul 25 16:36:25 HKT 2011: adaptive_cache_heap_ratio=0.77
Mon Jul 25 16:36:25 HKT 2011: adaptive_cache_manager_decrease_ratio=1.15
Mon Jul 25 16:36:25 HKT 2011: adaptive_cache_manager_increase_ratio=1.1
Mon Jul 25 16:36:25 HKT 2011: adaptive_cache_worker_sleep_time=3000
Mon Jul 25 16:36:25 HKT 2011: create=true
Mon Jul 25 16:36:25 HKT 2011: enable_remote_shell=port=9332
Mon Jul 25 16:36:25 HKT 2011: ha.db=NO
Mon Jul 25 16:36:25 HKT 2011: ha.machine_id=2
Mon Jul 25 16:36:25 HKT 2011: ha.server=localhost:6002
Mon Jul 25 16:36:25 HKT 2011: ha.zoo_keeper_servers=localhost:2181,localhost:2182,localhost:2183
Mon Jul 25 16:36:25 HKT 2011: logical_log=/home/chord/personal/Wave/db/neo4j-development/nioneo_logical.log
Mon Jul 25 16:36:25 HKT 2011: max_node_cache_size=1500
Mon Jul 25 16:36:25 HKT 2011: max_relationship_cache_size=3500
Mon Jul 25 16:36:25 HKT 2011: migration_thread=NO
Mon Jul 25 16:36:25 HKT 2011: min_node_cache_size=0
Mon Jul 25 16:36:25 HKT 2011: min_relationship_cache_size=0
Mon Jul 25 16:36:25 HKT 2011: neo_store=/home/chord/personal/Wave/db/neo4j-development/neostore
Mon Jul 25 16:36:25 HKT 2011: neostore.nodestore.db.mapped_memory=25M
Mon Jul 25 16:36:25 HKT 2011: neostore.propertystore.db.arrays.mapped_memory=130M
Mon Jul 25 16:36:25 HKT 2011: neostore.propertystore.db.index.keys.mapped_memory=1M
Mon Jul 25 16:36:25 HKT 2011: neostore.propertystore.db.index.mapped_memory=1M
Mon Jul 25 16:36:25 HKT 2011: neostore.propertystore.db.mapped_memory=90M
Mon Jul 25 16:36:25 HKT 2011: neostore.propertystore.db.strings.mapped_memory=130M
Mon Jul 25 16:36:25 HKT 2011: neostore.relationshipstore.db.mapped_memory=50M
Mon Jul 25 16:36:25 HKT 2011: online_backup_enabled=NO
Mon Jul 25 16:36:25 HKT 2011: read_only=true
Mon Jul 25 16:36:25 HKT 2011: rebuild_idgenerators_fast=true
Mon Jul 25 16:36:25 HKT 2011: storage_path=/home/chord/personal/Wave/db/neo4j-development
Mon Jul 25 16:36:25 HKT 2011: store_dir=/home/chord/personal/Wave/db/neo4j-development
Mon Jul 25 16:36:25 HKT 2011: timestamps=YES
Mon Jul 25 16:36:25 HKT 2011: use_adaptive_cache=YES
Mon Jul 25 16:36:25 HKT 2011: use_memory_mapped_buffers=true
Mon Jul 25 16:36:25 HKT 2011: --- CONFIGURATION END ---
Mon Jul 25 16:36:25 HKT 2011: Extension org.neo4j.kernel.KernelExtension[kernel jmx] loaded ok
Mon Jul 25 16:36:26 HKT 2011: Extension org.neo4j.kernel.KernelExtension[shell] loaded ok
Mon Jul 25 16:41:44 HKT 2011: NeoStore closed
Mon Jul 25 16:41:44 HKT 2011: NeoStore closed
Mon Jul 25 16:41:55 HKT 2011: Closed log /home/chord/personal/Wave/db/neo4j-development/nioneo_logical.log
Mon Jul 25 16:41:55 HKT 2011: NeoStore closed
Mon Jul 25 16:41:55 HKT 2011: Closed log /home/chord/personal/Wave/db/neo4j-development/index/lucene.log
Mon Jul 25 16:41:55 HKT 2011: Closed log /home/chord/personal/Wave/db/neo4j-development/lucene/lucene.log
Mon Jul 25 16:41:55 HKT 2011: NeoStore closed
Mon Jul 25 16:41:55 HKT 2011: Closed log /home/chord/personal/Wave/db/neo4j-development/lucene-fulltext/lucene.log
Mon Jul 25 16:41:55 HKT 2011: TM shutting down
Mon Jul 25 16:42:56 HKT 2011: Opened [/home/chord/personal/Wave/db/neo4j-development/nioneo_logical.log.1] clean empty log, version=0
Mon Jul 25 16:42:56 HKT 2011: Opened [/home/chord/personal/Wave/db/neo4j-development/lucene/lucene.log.1] clean empty log, version=0
Mon Jul 25 16:42:56 HKT 2011: Opened [/home/chord/personal/Wave/db/neo4j-development/lucene-fulltext/lucene.log.1] clean empty log, version=0
Mon Jul 25 16:42:56 HKT 2011: Opened [/home/chord/personal/Wave/db/neo4j-development/index/lucene.log.1] clean empty log, version=0
Mon Jul 25 16:42:56 HKT 2011: TM opening log: /home/chord/personal/Wave/db/neo4j-development/tm_tx_log.1
Mon Jul 25 16:42:56 HKT 2011: --- CONFIGURATION START ---
Mon Jul 25 16:42:56 HKT 2011: Physical mem: 2005MB, Heap size: 444MB
Mon Jul 25 16:42:56 HKT 2011: Kernel version: Neo4j - Graph Database Kernel 1.3
Mon Jul 25 16:42:56 HKT 2011: Neo4j - Graph Database Kernel 1.3
Mon Jul 25 16:42:56 HKT 2011: Operating System: Linux; version: 2.6.38-ARCH; arch: i386; cpus: 2
Mon Jul 25 16:42:56 HKT 2011: VM Name: Java HotSpot(TM) Server VM
Mon Jul 25 16:42:56 HKT 2011: VM Vendor: Sun Microsystems Inc.
Mon Jul 25 16:42:56 HKT 2011: VM Version: 20.0-b11
Mon Jul 25 16:42:56 HKT 2011: Boot Class Path: /opt/java/jre/lib/resources.jar:/opt/java/jre/lib/rt.jar:/opt/java/jre/lib/sunrsasign.jar:/opt/java/jre/lib/jsse.jar:/opt/java/jre/lib/jce.jar:/opt/java/jre/lib/charsets.jar:/opt/java/jre/lib/modules/jdk.boot.jar:/opt/java/jre/classes:/home/chord/.rvm/rubies/jruby-1.6.3/lib/jruby.jar
Mon Jul 25 16:42:56 HKT 2011: Class Path: /opt/java/jre/lib:.:
Mon Jul 25 16:42:56 HKT 2011: Library Path: /opt/java/jre/lib/i386/server:/opt/java/jre/lib/i386:/opt/java/jre/../lib/i386:/usr/java/packages/lib/i386:/lib:/usr/lib
Mon Jul 25 16:42:56 HKT 2011: Garbage Collector: PS Scavenge: [PS Eden Space, PS Survivor Space]
Mon Jul 25 16:42:56 HKT 2011: Garbage Collector: PS MarkSweep: [PS Eden Space, PS Survivor Space, PS Old Gen, PS Perm Gen]
Mon Jul 25 16:42:56 HKT 2011: VM Arguments: [-Djdk.home=, -Djruby.home=/home/chord/.rvm/rubies/jruby-1.6.3, -Djruby.script=jruby, -Djruby.shell=/bin/bash, -Djffi.boot.library.path=/home/chord/.rvm/rubies/jruby-1.6.3/lib/native/x86_64-Linux:/home/chord/.rvm/rubies/jruby-1.6.3/lib/native/i386-Linux:/home/chord/.rvm/rubies/jruby-1.6.3/lib/native/ppc-Linux, -Xmx500m, -Xss2048k, -Djruby.memory.max=500m, -Djruby.stack.max=2048k, -Xbootclasspath/a:/home/chord/.rvm/rubies/jruby-1.6.3/lib/jruby.jar]
Mon Jul 25 16:42:56 HKT 2011: 
Mon Jul 25 16:42:56 HKT 2011: adaptive_cache_heap_ratio=0.77
Mon Jul 25 16:42:56 HKT 2011: adaptive_cache_manager_decrease_ratio=1.15
Mon Jul 25 16:42:56 HKT 2011: adaptive_cache_manager_increase_ratio=1.1
Mon Jul 25 16:42:56 HKT 2011: adaptive_cache_worker_sleep_time=3000
Mon Jul 25 16:42:56 HKT 2011: create=true
Mon Jul 25 16:42:56 HKT 2011: dir=/home/chord/personal/Wave/db/neo4j-development/lucene-fulltext
Mon Jul 25 16:42:56 HKT 2011: enable_remote_shell=port=9332
Mon Jul 25 16:42:56 HKT 2011: ha.db=NO
Mon Jul 25 16:42:56 HKT 2011: ha.machine_id=2
Mon Jul 25 16:42:56 HKT 2011: ha.server=localhost:6002
Mon Jul 25 16:42:56 HKT 2011: ha.zoo_keeper_servers=localhost:2181,localhost:2182,localhost:2183
Mon Jul 25 16:42:56 HKT 2011: logical_log=/home/chord/personal/Wave/db/neo4j-development/nioneo_logical.log
Mon Jul 25 16:42:56 HKT 2011: max_node_cache_size=1500
Mon Jul 25 16:42:56 HKT 2011: max_relationship_cache_size=3500
Mon Jul 25 16:42:56 HKT 2011: migration_thread=NO
Mon Jul 25 16:42:56 HKT 2011: min_node_cache_size=0
Mon Jul 25 16:42:56 HKT 2011: min_relationship_cache_size=0
Mon Jul 25 16:42:56 HKT 2011: neo_store=/home/chord/personal/Wave/db/neo4j-development/neostore
Mon Jul 25 16:42:56 HKT 2011: neostore.nodestore.db.mapped_memory=25M
Mon Jul 25 16:42:56 HKT 2011: neostore.propertystore.db.arrays.mapped_memory=130M
Mon Jul 25 16:42:56 HKT 2011: neostore.propertystore.db.index.keys.mapped_memory=1M
Mon Jul 25 16:42:56 HKT 2011: neostore.propertystore.db.index.mapped_memory=1M
Mon Jul 25 16:42:56 HKT 2011: neostore.propertystore.db.mapped_memory=90M
Mon Jul 25 16:42:56 HKT 2011: neostore.propertystore.db.strings.mapped_memory=130M
Mon Jul 25 16:42:56 HKT 2011: neostore.relationshipstore.db.mapped_memory=50M
Mon Jul 25 16:42:56 HKT 2011: online_backup_enabled=NO
Mon Jul 25 16:42:56 HKT 2011: rebuild_idgenerators_fast=true
Mon Jul 25 16:42:56 HKT 2011: storage_path=/home/chord/personal/Wave/db/neo4j-development
Mon Jul 25 16:42:56 HKT 2011: store_dir=/home/chord/personal/Wave/db/neo4j-development
Mon Jul 25 16:42:56 HKT 2011: timestamps=YES
Mon Jul 25 16:42:56 HKT 2011: use_adaptive_cache=YES
Mon Jul 25 16:42:56 HKT 2011: use_memory_mapped_buffers=true
Mon Jul 25 16:42:56 HKT 2011: --- CONFIGURATION END ---
Mon Jul 25 16:42:57 HKT 2011: Extension org.neo4j.kernel.KernelExtension[kernel jmx] loaded ok
Mon Jul 25 16:42:57 HKT 2011: Extension org.neo4j.kernel.KernelExtension[shell] loaded ok
Mon Jul 25 16:46:59 HKT 2011: --- CONFIGURATION START ---
Mon Jul 25 16:46:59 HKT 2011: Physical mem: 2005MB, Heap size: 444MB
Mon Jul 25 16:46:59 HKT 2011: Kernel version: Neo4j - Graph Database Kernel 1.3
Mon Jul 25 16:46:59 HKT 2011: Neo4j - Graph Database Kernel 1.3
Mon Jul 25 16:46:59 HKT 2011: Operating System: Linux; version: 2.6.38-ARCH; arch: i386; cpus: 2
Mon Jul 25 16:46:59 HKT 2011: VM Name: Java HotSpot(TM) Server VM
Mon Jul 25 16:46:59 HKT 2011: VM Vendor: Sun Microsystems Inc.
Mon Jul 25 16:46:59 HKT 2011: VM Version: 20.0-b11
Mon Jul 25 16:46:59 HKT 2011: Boot Class Path: /opt/java/jre/lib/resources.jar:/opt/java/jre/lib/rt.jar:/opt/java/jre/lib/sunrsasign.jar:/opt/java/jre/lib/jsse.jar:/opt/java/jre/lib/jce.jar:/opt/java/jre/lib/charsets.jar:/opt/java/jre/lib/modules/jdk.boot.jar:/opt/java/jre/classes:/home/chord/.rvm/rubies/jruby-1.6.3/lib/jruby.jar
Mon Jul 25 16:46:59 HKT 2011: Class Path: /opt/java/jre/lib:.:
Mon Jul 25 16:46:59 HKT 2011: Library Path: /opt/java/jre/lib/i386/server:/opt/java/jre/lib/i386:/opt/java/jre/../lib/i386:/usr/java/packages/lib/i386:/lib:/usr/lib
Mon Jul 25 16:46:59 HKT 2011: Garbage Collector: PS Scavenge: [PS Eden Space, PS Survivor Space]
Mon Jul 25 16:46:59 HKT 2011: Garbage Collector: PS MarkSweep: [PS Eden Space, PS Survivor Space, PS Old Gen, PS Perm Gen]
Mon Jul 25 16:46:59 HKT 2011: VM Arguments: [-Djdk.home=, -Djruby.home=/home/chord/.rvm/rubies/jruby-1.6.3, -Djruby.script=jruby, -Djruby.shell=/bin/bash, -Djffi.boot.library.path=/home/chord/.rvm/rubies/jruby-1.6.3/lib/native/x86_64-Linux:/home/chord/.rvm/rubies/jruby-1.6.3/lib/native/i386-Linux:/home/chord/.rvm/rubies/jruby-1.6.3/lib/native/ppc-Linux, -Xmx500m, -Xss2048k, -Djruby.memory.max=500m, -Djruby.stack.max=2048k, -Xbootclasspath/a:/home/chord/.rvm/rubies/jruby-1.6.3/lib/jruby.jar]
Mon Jul 25 16:46:59 HKT 2011: 
Mon Jul 25 16:46:59 HKT 2011: adaptive_cache_heap_ratio=0.77
Mon Jul 25 16:46:59 HKT 2011: adaptive_cache_manager_decrease_ratio=1.15
Mon Jul 25 16:46:59 HKT 2011: adaptive_cache_manager_increase_ratio=1.1
Mon Jul 25 16:46:59 HKT 2011: adaptive_cache_worker_sleep_time=3000
Mon Jul 25 16:46:59 HKT 2011: create=true
Mon Jul 25 16:46:59 HKT 2011: enable_remote_shell=port=9332
Mon Jul 25 16:46:59 HKT 2011: ha.db=NO
Mon Jul 25 16:46:59 HKT 2011: ha.machine_id=2
Mon Jul 25 16:46:59 HKT 2011: ha.server=localhost:6002
Mon Jul 25 16:46:59 HKT 2011: ha.zoo_keeper_servers=localhost:2181,localhost:2182,localhost:2183
Mon Jul 25 16:46:59 HKT 2011: logical_log=/home/chord/personal/Wave/db/neo4j-development/nioneo_logical.log
Mon Jul 25 16:46:59 HKT 2011: max_node_cache_size=1500
Mon Jul 25 16:46:59 HKT 2011: max_relationship_cache_size=3500
Mon Jul 25 16:46:59 HKT 2011: migration_thread=NO
Mon Jul 25 16:46:59 HKT 2011: min_node_cache_size=0
Mon Jul 25 16:46:59 HKT 2011: min_relationship_cache_size=0
Mon Jul 25 16:46:59 HKT 2011: neo_store=/home/chord/personal/Wave/db/neo4j-development/neostore
Mon Jul 25 16:46:59 HKT 2011: neostore.nodestore.db.mapped_memory=25M
Mon Jul 25 16:46:59 HKT 2011: neostore.propertystore.db.arrays.mapped_memory=130M
Mon Jul 25 16:46:59 HKT 2011: neostore.propertystore.db.index.keys.mapped_memory=1M
Mon Jul 25 16:46:59 HKT 2011: neostore.propertystore.db.index.mapped_memory=1M
Mon Jul 25 16:46:59 HKT 2011: neostore.propertystore.db.mapped_memory=90M
Mon Jul 25 16:46:59 HKT 2011: neostore.propertystore.db.strings.mapped_memory=130M
Mon Jul 25 16:46:59 HKT 2011: neostore.relationshipstore.db.mapped_memory=50M
Mon Jul 25 16:46:59 HKT 2011: online_backup_enabled=NO
Mon Jul 25 16:46:59 HKT 2011: read_only=true
Mon Jul 25 16:46:59 HKT 2011: rebuild_idgenerators_fast=true
Mon Jul 25 16:46:59 HKT 2011: storage_path=/home/chord/personal/Wave/db/neo4j-development
Mon Jul 25 16:46:59 HKT 2011: store_dir=/home/chord/personal/Wave/db/neo4j-development
Mon Jul 25 16:46:59 HKT 2011: timestamps=YES
Mon Jul 25 16:46:59 HKT 2011: use_adaptive_cache=YES
Mon Jul 25 16:46:59 HKT 2011: use_memory_mapped_buffers=true
Mon Jul 25 16:46:59 HKT 2011: --- CONFIGURATION END ---
Mon Jul 25 16:46:59 HKT 2011: Extension org.neo4j.kernel.KernelExtension[kernel jmx] loaded ok
Mon Jul 25 16:46:59 HKT 2011: Extension org.neo4j.kernel.KernelExtension[shell] loaded ok
Mon Jul 25 16:53:24 HKT 2011: Closed log /home/chord/personal/Wave/db/neo4j-development/nioneo_logical.log
Mon Jul 25 16:53:24 HKT 2011: NeoStore closed
Mon Jul 25 16:53:24 HKT 2011: Closed log /home/chord/personal/Wave/db/neo4j-development/index/lucene.log
Mon Jul 25 16:53:24 HKT 2011: Closed log /home/chord/personal/Wave/db/neo4j-development/lucene/lucene.log
Mon Jul 25 16:53:24 HKT 2011: NeoStore closed
Mon Jul 25 16:53:24 HKT 2011: Closed log /home/chord/personal/Wave/db/neo4j-development/lucene-fulltext/lucene.log
Mon Jul 25 16:53:24 HKT 2011: TM shutting down
Mon Jul 25 16:53:27 HKT 2011: NeoStore closed
Mon Jul 25 16:53:27 HKT 2011: NeoStore closed
Mon Jul 25 16:53:51 HKT 2011: Opened [/home/chord/personal/Wave/db/neo4j-development/nioneo_logical.log.1] clean empty log, version=0
Mon Jul 25 16:53:51 HKT 2011: Opened [/home/chord/personal/Wave/db/neo4j-development/lucene/lucene.log.1] clean empty log, version=0
Mon Jul 25 16:53:51 HKT 2011: Opened [/home/chord/personal/Wave/db/neo4j-development/lucene-fulltext/lucene.log.1] clean empty log, version=0
Mon Jul 25 16:53:51 HKT 2011: Opened [/home/chord/personal/Wave/db/neo4j-development/index/lucene.log.1] clean empty log, version=0
Mon Jul 25 16:53:51 HKT 2011: TM opening log: /home/chord/personal/Wave/db/neo4j-development/tm_tx_log.1
Mon Jul 25 16:53:51 HKT 2011: --- CONFIGURATION START ---
Mon Jul 25 16:53:51 HKT 2011: Physical mem: 2005MB, Heap size: 444MB
Mon Jul 25 16:53:51 HKT 2011: Kernel version: Neo4j - Graph Database Kernel 1.3
Mon Jul 25 16:53:51 HKT 2011: Neo4j - Graph Database Kernel 1.3
Mon Jul 25 16:53:51 HKT 2011: Operating System: Linux; version: 2.6.38-ARCH; arch: i386; cpus: 2
Mon Jul 25 16:53:51 HKT 2011: VM Name: Java HotSpot(TM) Server VM
Mon Jul 25 16:53:51 HKT 2011: VM Vendor: Sun Microsystems Inc.
Mon Jul 25 16:53:51 HKT 2011: VM Version: 20.0-b11
Mon Jul 25 16:53:51 HKT 2011: Boot Class Path: /opt/java/jre/lib/resources.jar:/opt/java/jre/lib/rt.jar:/opt/java/jre/lib/sunrsasign.jar:/opt/java/jre/lib/jsse.jar:/opt/java/jre/lib/jce.jar:/opt/java/jre/lib/charsets.jar:/opt/java/jre/lib/modules/jdk.boot.jar:/opt/java/jre/classes:/home/chord/.rvm/rubies/jruby-1.6.3/lib/jruby.jar
Mon Jul 25 16:53:51 HKT 2011: Class Path: /opt/java/jre/lib:.:
Mon Jul 25 16:53:51 HKT 2011: Library Path: /opt/java/jre/lib/i386/server:/opt/java/jre/lib/i386:/opt/java/jre/../lib/i386:/usr/java/packages/lib/i386:/lib:/usr/lib
Mon Jul 25 16:53:51 HKT 2011: Garbage Collector: PS Scavenge: [PS Eden Space, PS Survivor Space]
Mon Jul 25 16:53:51 HKT 2011: Garbage Collector: PS MarkSweep: [PS Eden Space, PS Survivor Space, PS Old Gen, PS Perm Gen]
Mon Jul 25 16:53:51 HKT 2011: VM Arguments: [-Djdk.home=, -Djruby.home=/home/chord/.rvm/rubies/jruby-1.6.3, -Djruby.script=jruby, -Djruby.shell=/bin/bash, -Djffi.boot.library.path=/home/chord/.rvm/rubies/jruby-1.6.3/lib/native/x86_64-Linux:/home/chord/.rvm/rubies/jruby-1.6.3/lib/native/i386-Linux:/home/chord/.rvm/rubies/jruby-1.6.3/lib/native/ppc-Linux, -Xmx500m, -Xss2048k, -Djruby.memory.max=500m, -Djruby.stack.max=2048k, -Xbootclasspath/a:/home/chord/.rvm/rubies/jruby-1.6.3/lib/jruby.jar]
Mon Jul 25 16:53:51 HKT 2011: 
Mon Jul 25 16:53:51 HKT 2011: adaptive_cache_heap_ratio=0.77
Mon Jul 25 16:53:51 HKT 2011: adaptive_cache_manager_decrease_ratio=1.15
Mon Jul 25 16:53:51 HKT 2011: adaptive_cache_manager_increase_ratio=1.1
Mon Jul 25 16:53:51 HKT 2011: adaptive_cache_worker_sleep_time=3000
Mon Jul 25 16:53:51 HKT 2011: create=true
Mon Jul 25 16:53:51 HKT 2011: dir=/home/chord/personal/Wave/db/neo4j-development/lucene-fulltext
Mon Jul 25 16:53:51 HKT 2011: enable_remote_shell=port=9332
Mon Jul 25 16:53:51 HKT 2011: ha.db=NO
Mon Jul 25 16:53:51 HKT 2011: ha.machine_id=2
Mon Jul 25 16:53:51 HKT 2011: ha.server=localhost:6002
Mon Jul 25 16:53:51 HKT 2011: ha.zoo_keeper_servers=localhost:2181,localhost:2182,localhost:2183
Mon Jul 25 16:53:51 HKT 2011: logical_log=/home/chord/personal/Wave/db/neo4j-development/nioneo_logical.log
Mon Jul 25 16:53:51 HKT 2011: max_node_cache_size=1500
Mon Jul 25 16:53:51 HKT 2011: max_relationship_cache_size=3500
Mon Jul 25 16:53:51 HKT 2011: migration_thread=NO
Mon Jul 25 16:53:51 HKT 2011: min_node_cache_size=0
Mon Jul 25 16:53:51 HKT 2011: min_relationship_cache_size=0
Mon Jul 25 16:53:51 HKT 2011: neo_store=/home/chord/personal/Wave/db/neo4j-development/neostore
Mon Jul 25 16:53:51 HKT 2011: neostore.nodestore.db.mapped_memory=25M
Mon Jul 25 16:53:51 HKT 2011: neostore.propertystore.db.arrays.mapped_memory=130M
Mon Jul 25 16:53:51 HKT 2011: neostore.propertystore.db.index.keys.mapped_memory=1M
Mon Jul 25 16:53:51 HKT 2011: neostore.propertystore.db.index.mapped_memory=1M
Mon Jul 25 16:53:51 HKT 2011: neostore.propertystore.db.mapped_memory=90M
Mon Jul 25 16:53:51 HKT 2011: neostore.propertystore.db.strings.mapped_memory=130M
Mon Jul 25 16:53:51 HKT 2011: neostore.relationshipstore.db.mapped_memory=50M
Mon Jul 25 16:53:51 HKT 2011: online_backup_enabled=NO
Mon Jul 25 16:53:51 HKT 2011: rebuild_idgenerators_fast=true
Mon Jul 25 16:53:51 HKT 2011: storage_path=/home/chord/personal/Wave/db/neo4j-development
Mon Jul 25 16:53:51 HKT 2011: store_dir=/home/chord/personal/Wave/db/neo4j-development
Mon Jul 25 16:53:51 HKT 2011: timestamps=YES
Mon Jul 25 16:53:51 HKT 2011: use_adaptive_cache=YES
Mon Jul 25 16:53:51 HKT 2011: use_memory_mapped_buffers=true
Mon Jul 25 16:53:51 HKT 2011: --- CONFIGURATION END ---
Mon Jul 25 16:53:51 HKT 2011: Extension org.neo4j.kernel.KernelExtension[kernel jmx] loaded ok
Mon Jul 25 16:53:52 HKT 2011: Extension org.neo4j.kernel.KernelExtension[shell] loaded ok
Mon Jul 25 16:57:52 HKT 2011: Closed log /home/chord/personal/Wave/db/neo4j-development/nioneo_logical.log
Mon Jul 25 16:57:53 HKT 2011: NeoStore closed
Mon Jul 25 16:57:53 HKT 2011: Closed log /home/chord/personal/Wave/db/neo4j-development/index/lucene.log
Mon Jul 25 16:57:53 HKT 2011: Closed log /home/chord/personal/Wave/db/neo4j-development/lucene/lucene.log
Mon Jul 25 16:57:53 HKT 2011: NeoStore closed
Mon Jul 25 16:57:53 HKT 2011: Closed log /home/chord/personal/Wave/db/neo4j-development/lucene-fulltext/lucene.log
Mon Jul 25 16:57:53 HKT 2011: TM shutting down
Mon Jul 25 16:58:10 HKT 2011: Opened [/home/chord/personal/Wave/db/neo4j-development/nioneo_logical.log.1] clean empty log, version=0
Mon Jul 25 16:58:10 HKT 2011: Opened [/home/chord/personal/Wave/db/neo4j-development/lucene/lucene.log.1] clean empty log, version=0
Mon Jul 25 16:58:10 HKT 2011: Opened [/home/chord/personal/Wave/db/neo4j-development/lucene-fulltext/lucene.log.1] clean empty log, version=0
Mon Jul 25 16:58:10 HKT 2011: Opened [/home/chord/personal/Wave/db/neo4j-development/index/lucene.log.1] clean empty log, version=0
Mon Jul 25 16:58:10 HKT 2011: TM opening log: /home/chord/personal/Wave/db/neo4j-development/tm_tx_log.1
Mon Jul 25 16:58:10 HKT 2011: --- CONFIGURATION START ---
Mon Jul 25 16:58:10 HKT 2011: Physical mem: 2005MB, Heap size: 444MB
Mon Jul 25 16:58:10 HKT 2011: Kernel version: Neo4j - Graph Database Kernel 1.3
Mon Jul 25 16:58:10 HKT 2011: Neo4j - Graph Database Kernel 1.3
Mon Jul 25 16:58:10 HKT 2011: Operating System: Linux; version: 2.6.38-ARCH; arch: i386; cpus: 2
Mon Jul 25 16:58:10 HKT 2011: VM Name: Java HotSpot(TM) Server VM
Mon Jul 25 16:58:10 HKT 2011: VM Vendor: Sun Microsystems Inc.
Mon Jul 25 16:58:10 HKT 2011: VM Version: 20.0-b11
Mon Jul 25 16:58:10 HKT 2011: Boot Class Path: /opt/java/jre/lib/resources.jar:/opt/java/jre/lib/rt.jar:/opt/java/jre/lib/sunrsasign.jar:/opt/java/jre/lib/jsse.jar:/opt/java/jre/lib/jce.jar:/opt/java/jre/lib/charsets.jar:/opt/java/jre/lib/modules/jdk.boot.jar:/opt/java/jre/classes:/home/chord/.rvm/rubies/jruby-1.6.3/lib/jruby.jar
Mon Jul 25 16:58:10 HKT 2011: Class Path: /opt/java/jre/lib:.:
Mon Jul 25 16:58:10 HKT 2011: Library Path: /opt/java/jre/lib/i386/server:/opt/java/jre/lib/i386:/opt/java/jre/../lib/i386:/usr/java/packages/lib/i386:/lib:/usr/lib
Mon Jul 25 16:58:10 HKT 2011: Garbage Collector: PS Scavenge: [PS Eden Space, PS Survivor Space]
Mon Jul 25 16:58:10 HKT 2011: Garbage Collector: PS MarkSweep: [PS Eden Space, PS Survivor Space, PS Old Gen, PS Perm Gen]
Mon Jul 25 16:58:10 HKT 2011: VM Arguments: [-Djdk.home=, -Djruby.home=/home/chord/.rvm/rubies/jruby-1.6.3, -Djruby.script=jruby, -Djruby.shell=/bin/bash, -Djffi.boot.library.path=/home/chord/.rvm/rubies/jruby-1.6.3/lib/native/x86_64-Linux:/home/chord/.rvm/rubies/jruby-1.6.3/lib/native/i386-Linux:/home/chord/.rvm/rubies/jruby-1.6.3/lib/native/ppc-Linux, -Xmx500m, -Xss2048k, -Djruby.memory.max=500m, -Djruby.stack.max=2048k, -Xbootclasspath/a:/home/chord/.rvm/rubies/jruby-1.6.3/lib/jruby.jar]
Mon Jul 25 16:58:10 HKT 2011: 
Mon Jul 25 16:58:10 HKT 2011: adaptive_cache_heap_ratio=0.77
Mon Jul 25 16:58:10 HKT 2011: adaptive_cache_manager_decrease_ratio=1.15
Mon Jul 25 16:58:10 HKT 2011: adaptive_cache_manager_increase_ratio=1.1
Mon Jul 25 16:58:10 HKT 2011: adaptive_cache_worker_sleep_time=3000
Mon Jul 25 16:58:10 HKT 2011: create=true
Mon Jul 25 16:58:10 HKT 2011: dir=/home/chord/personal/Wave/db/neo4j-development/lucene-fulltext
Mon Jul 25 16:58:10 HKT 2011: enable_remote_shell=port=9332
Mon Jul 25 16:58:10 HKT 2011: ha.db=NO
Mon Jul 25 16:58:10 HKT 2011: ha.machine_id=2
Mon Jul 25 16:58:10 HKT 2011: ha.server=localhost:6002
Mon Jul 25 16:58:10 HKT 2011: ha.zoo_keeper_servers=localhost:2181,localhost:2182,localhost:2183
Mon Jul 25 16:58:10 HKT 2011: logical_log=/home/chord/personal/Wave/db/neo4j-development/nioneo_logical.log
Mon Jul 25 16:58:10 HKT 2011: max_node_cache_size=1500
Mon Jul 25 16:58:10 HKT 2011: max_relationship_cache_size=3500
Mon Jul 25 16:58:10 HKT 2011: migration_thread=NO
Mon Jul 25 16:58:10 HKT 2011: min_node_cache_size=0
Mon Jul 25 16:58:10 HKT 2011: min_relationship_cache_size=0
Mon Jul 25 16:58:10 HKT 2011: neo_store=/home/chord/personal/Wave/db/neo4j-development/neostore
Mon Jul 25 16:58:10 HKT 2011: neostore.nodestore.db.mapped_memory=25M
Mon Jul 25 16:58:10 HKT 2011: neostore.propertystore.db.arrays.mapped_memory=130M
Mon Jul 25 16:58:10 HKT 2011: neostore.propertystore.db.index.keys.mapped_memory=1M
Mon Jul 25 16:58:10 HKT 2011: neostore.propertystore.db.index.mapped_memory=1M
Mon Jul 25 16:58:10 HKT 2011: neostore.propertystore.db.mapped_memory=90M
Mon Jul 25 16:58:10 HKT 2011: neostore.propertystore.db.strings.mapped_memory=130M
Mon Jul 25 16:58:10 HKT 2011: neostore.relationshipstore.db.mapped_memory=50M
Mon Jul 25 16:58:10 HKT 2011: online_backup_enabled=NO
Mon Jul 25 16:58:10 HKT 2011: rebuild_idgenerators_fast=true
Mon Jul 25 16:58:10 HKT 2011: storage_path=/home/chord/personal/Wave/db/neo4j-development
Mon Jul 25 16:58:10 HKT 2011: store_dir=/home/chord/personal/Wave/db/neo4j-development
Mon Jul 25 16:58:10 HKT 2011: timestamps=YES
Mon Jul 25 16:58:10 HKT 2011: use_adaptive_cache=YES
Mon Jul 25 16:58:10 HKT 2011: use_memory_mapped_buffers=true
Mon Jul 25 16:58:10 HKT 2011: --- CONFIGURATION END ---
Mon Jul 25 16:58:10 HKT 2011: Extension org.neo4j.kernel.KernelExtension[kernel jmx] loaded ok
Mon Jul 25 16:58:10 HKT 2011: Extension org.neo4j.kernel.KernelExtension[shell] loaded ok
Mon Jul 25 17:11:46 HKT 2011: --- CONFIGURATION START ---
Mon Jul 25 17:11:46 HKT 2011: Physical mem: 2005MB, Heap size: 444MB
Mon Jul 25 17:11:46 HKT 2011: Kernel version: Neo4j - Graph Database Kernel 1.3
Mon Jul 25 17:11:46 HKT 2011: Neo4j - Graph Database Kernel 1.3
Mon Jul 25 17:11:46 HKT 2011: Operating System: Linux; version: 2.6.38-ARCH; arch: i386; cpus: 2
Mon Jul 25 17:11:46 HKT 2011: VM Name: Java HotSpot(TM) Server VM
Mon Jul 25 17:11:46 HKT 2011: VM Vendor: Sun Microsystems Inc.
Mon Jul 25 17:11:46 HKT 2011: VM Version: 20.0-b11
Mon Jul 25 17:11:46 HKT 2011: Boot Class Path: /opt/java/jre/lib/resources.jar:/opt/java/jre/lib/rt.jar:/opt/java/jre/lib/sunrsasign.jar:/opt/java/jre/lib/jsse.jar:/opt/java/jre/lib/jce.jar:/opt/java/jre/lib/charsets.jar:/opt/java/jre/lib/modules/jdk.boot.jar:/opt/java/jre/classes:/home/chord/.rvm/rubies/jruby-1.6.3/lib/jruby.jar
Mon Jul 25 17:11:46 HKT 2011: Class Path: /opt/java/jre/lib:.:
Mon Jul 25 17:11:46 HKT 2011: Library Path: /opt/java/jre/lib/i386/server:/opt/java/jre/lib/i386:/opt/java/jre/../lib/i386:/usr/java/packages/lib/i386:/lib:/usr/lib
Mon Jul 25 17:11:46 HKT 2011: Garbage Collector: PS Scavenge: [PS Eden Space, PS Survivor Space]
Mon Jul 25 17:11:46 HKT 2011: Garbage Collector: PS MarkSweep: [PS Eden Space, PS Survivor Space, PS Old Gen, PS Perm Gen]
Mon Jul 25 17:11:46 HKT 2011: VM Arguments: [-Djdk.home=, -Djruby.home=/home/chord/.rvm/rubies/jruby-1.6.3, -Djruby.script=jruby, -Djruby.shell=/bin/bash, -Djffi.boot.library.path=/home/chord/.rvm/rubies/jruby-1.6.3/lib/native/x86_64-Linux:/home/chord/.rvm/rubies/jruby-1.6.3/lib/native/i386-Linux:/home/chord/.rvm/rubies/jruby-1.6.3/lib/native/ppc-Linux, -Xmx500m, -Xss2048k, -Djruby.memory.max=500m, -Djruby.stack.max=2048k, -Xbootclasspath/a:/home/chord/.rvm/rubies/jruby-1.6.3/lib/jruby.jar]
Mon Jul 25 17:11:46 HKT 2011: 
Mon Jul 25 17:11:46 HKT 2011: adaptive_cache_heap_ratio=0.77
Mon Jul 25 17:11:46 HKT 2011: adaptive_cache_manager_decrease_ratio=1.15
Mon Jul 25 17:11:46 HKT 2011: adaptive_cache_manager_increase_ratio=1.1
Mon Jul 25 17:11:46 HKT 2011: adaptive_cache_worker_sleep_time=3000
Mon Jul 25 17:11:46 HKT 2011: create=true
Mon Jul 25 17:11:46 HKT 2011: enable_remote_shell=port=9332
Mon Jul 25 17:11:46 HKT 2011: ha.db=NO
Mon Jul 25 17:11:46 HKT 2011: ha.machine_id=2
Mon Jul 25 17:11:46 HKT 2011: ha.server=localhost:6002
Mon Jul 25 17:11:46 HKT 2011: ha.zoo_keeper_servers=localhost:2181,localhost:2182,localhost:2183
Mon Jul 25 17:11:46 HKT 2011: logical_log=/home/chord/personal/Wave/db/neo4j-development/nioneo_logical.log
Mon Jul 25 17:11:46 HKT 2011: max_node_cache_size=1500
Mon Jul 25 17:11:46 HKT 2011: max_relationship_cache_size=3500
Mon Jul 25 17:11:46 HKT 2011: migration_thread=NO
Mon Jul 25 17:11:46 HKT 2011: min_node_cache_size=0
Mon Jul 25 17:11:46 HKT 2011: min_relationship_cache_size=0
Mon Jul 25 17:11:46 HKT 2011: neo_store=/home/chord/personal/Wave/db/neo4j-development/neostore
Mon Jul 25 17:11:46 HKT 2011: neostore.nodestore.db.mapped_memory=25M
Mon Jul 25 17:11:46 HKT 2011: neostore.propertystore.db.arrays.mapped_memory=130M
Mon Jul 25 17:11:46 HKT 2011: neostore.propertystore.db.index.keys.mapped_memory=1M
Mon Jul 25 17:11:46 HKT 2011: neostore.propertystore.db.index.mapped_memory=1M
Mon Jul 25 17:11:46 HKT 2011: neostore.propertystore.db.mapped_memory=90M
Mon Jul 25 17:11:46 HKT 2011: neostore.propertystore.db.strings.mapped_memory=130M
Mon Jul 25 17:11:46 HKT 2011: neostore.relationshipstore.db.mapped_memory=50M
Mon Jul 25 17:11:46 HKT 2011: online_backup_enabled=NO
Mon Jul 25 17:11:46 HKT 2011: read_only=true
Mon Jul 25 17:11:46 HKT 2011: rebuild_idgenerators_fast=true
Mon Jul 25 17:11:46 HKT 2011: storage_path=/home/chord/personal/Wave/db/neo4j-development
Mon Jul 25 17:11:46 HKT 2011: store_dir=/home/chord/personal/Wave/db/neo4j-development
Mon Jul 25 17:11:46 HKT 2011: timestamps=YES
Mon Jul 25 17:11:46 HKT 2011: use_adaptive_cache=YES
Mon Jul 25 17:11:46 HKT 2011: use_memory_mapped_buffers=true
Mon Jul 25 17:11:46 HKT 2011: --- CONFIGURATION END ---
Mon Jul 25 17:11:46 HKT 2011: Extension org.neo4j.kernel.KernelExtension[kernel jmx] loaded ok
Mon Jul 25 17:11:47 HKT 2011: Extension org.neo4j.kernel.KernelExtension[shell] loaded ok
Mon Jul 25 17:14:47 HKT 2011: NeoStore closed
Mon Jul 25 17:14:47 HKT 2011: NeoStore closed
Mon Jul 25 17:14:50 HKT 2011: Closed log /home/chord/personal/Wave/db/neo4j-development/nioneo_logical.log
Mon Jul 25 17:14:50 HKT 2011: NeoStore closed
Mon Jul 25 17:14:50 HKT 2011: Closed log /home/chord/personal/Wave/db/neo4j-development/index/lucene.log
Mon Jul 25 17:14:50 HKT 2011: Closed log /home/chord/personal/Wave/db/neo4j-development/lucene/lucene.log
Mon Jul 25 17:14:50 HKT 2011: NeoStore closed
Mon Jul 25 17:14:50 HKT 2011: Closed log /home/chord/personal/Wave/db/neo4j-development/lucene-fulltext/lucene.log
Mon Jul 25 17:14:50 HKT 2011: TM shutting down
